# JRE version: Java(TM) SE Runtime Environment (8.0_40-b25) (build 1.8.0_40-b25)
# Java VM: Java HotSpot(TM) 64-Bit Server VM (25.40-b25 mixed mode windows-amd64 compressed oops)
Heap:
 PSYoungGen      total 580096K, used 31921K [0x00000000d5f00000, 0x00000000fa300000, 0x0000000100000000)
  eden space 567296K, 3% used [0x00000000d5f00000,0x00000000d74f0a80,0x00000000f8900000)
  from space 12800K, 73% used [0x00000000f9680000,0x00000000f9fbb990,0x00000000fa300000)
  to   space 13312K, 0% used [0x00000000f8900000,0x00000000f8900000,0x00000000f9600000)
 ParOldGen       total 351744K, used 257242K [0x0000000081c00000, 0x0000000097380000, 0x00000000d5f00000)
  object space 351744K, 73% used [0x0000000081c00000,0x0000000091736928,0x0000000097380000)
 Metaspace       used 15000K, capacity 15270K, committed 15488K, reserved 1062912K
  class space    used 1565K, capacity 1642K, committed 1664K, reserved 1048576K
GC Heap History (10 events):
Event: 179.203 GC heap before
{Heap before GC invocations=73 (full 3):
 PSYoungGen      total 575488K, used 569382K [0x00000000d5f00000, 0x00000000fa200000, 0x0000000100000000)
  eden space 559616K, 100% used [0x00000000d5f00000,0x00000000f8180000,0x00000000f8180000)
  from space 15872K, 61% used [0x00000000f8180000,0x00000000f8b09b70,0x00000000f9100000)
  to   space 15360K, 0% used [0x00000000f9300000,0x00000000f9300000,0x00000000fa200000)
 ParOldGen       total 351744K, used 256988K [0x0000000081c00000, 0x0000000097380000, 0x00000000d5f00000)
  object space 351744K, 73% used [0x0000000081c00000,0x00000000916f7280,0x0000000097380000)
 Metaspace       used 15000K, capacity 15270K, committed 15488K, reserved 1062912K
  class space    used 1565K, capacity 1642K, committed 1664K, reserved 1048576K
Event: 179.222 GC heap after
Heap after GC invocations=73 (full 3):
 PSYoungGen      total 576512K, used 9137K [0x00000000d5f00000, 0x00000000fa100000, 0x0000000100000000)
  eden space 562176K, 0% used [0x00000000d5f00000,0x00000000d5f00000,0x00000000f8400000)
  from space 14336K, 63% used [0x00000000f9300000,0x00000000f9bec550,0x00000000fa100000)
  to   space 14848K, 0% used [0x00000000f8400000,0x00000000f8400000,0x00000000f9280000)
 ParOldGen       total 351744K, used 256988K [0x0000000081c00000, 0x0000000097380000, 0x00000000d5f00000)
  object space 351744K, 73% used [0x0000000081c00000,0x00000000916f7280,0x0000000097380000)
 Metaspace       used 15000K, capacity 15270K, committed 15488K, reserved 1062912K
  class space    used 1565K, capacity 1642K, committed 1664K, reserved 1048576K
}
Event: 182.326 GC heap before
{Heap before GC invocations=74 (full 3):
 PSYoungGen      total 576512K, used 571313K [0x00000000d5f00000, 0x00000000fa100000, 0x0000000100000000)
  eden space 562176K, 100% used [0x00000000d5f00000,0x00000000f8400000,0x00000000f8400000)
  from space 14336K, 63% used [0x00000000f9300000,0x00000000f9bec550,0x00000000fa100000)
  to   space 14848K, 0% used [0x00000000f8400000,0x00000000f8400000,0x00000000f9280000)
 ParOldGen       total 351744K, used 256990K [0x0000000081c00000, 0x0000000097380000, 0x00000000d5f00000)
  object space 351744K, 73% used [0x0000000081c00000,0x00000000916f7b60,0x0000000097380000)
 Metaspace       used 15000K, capacity 15270K, committed 15488K, reserved 1062912K
  class space    used 1565K, capacity 1642K, committed 1664K, reserved 1048576K
Event: 182.344 GC heap after
Heap after GC invocations=74 (full 3):
 PSYoungGen      total 577024K, used 9264K [0x00000000d5f00000, 0x00000000fa280000, 0x0000000100000000)
  eden space 562176K, 0% used [0x00000000d5f00000,0x00000000d5f00000,0x00000000f8400000)
  from space 14848K, 62% used [0x00000000f8400000,0x00000000f8d0c3c0,0x00000000f9280000)
  to   space 14336K, 0% used [0x00000000f9480000,0x00000000f9480000,0x00000000fa280000)
 ParOldGen       total 351744K, used 256990K [0x0000000081c00000, 0x0000000097380000, 0x00000000d5f00000)
  object space 351744K, 73% used [0x0000000081c00000,0x00000000916f7b60,0x0000000097380000)
 Metaspace       used 15000K, capacity 15270K, committed 15488K, reserved 1062912K
  class space    used 1565K, capacity 1642K, committed 1664K, reserved 1048576K
}
Event: 185.412 GC heap before
{Heap before GC invocations=75 (full 3):
 PSYoungGen      total 577024K, used 571440K [0x00000000d5f00000, 0x00000000fa280000, 0x0000000100000000)
  eden space 562176K, 100% used [0x00000000d5f00000,0x00000000f8400000,0x00000000f8400000)
  from space 14848K, 62% used [0x00000000f8400000,0x00000000f8d0c3c0,0x00000000f9280000)
  to   space 14336K, 0% used [0x00000000f9480000,0x00000000f9480000,0x00000000fa280000)
 ParOldGen       total 351744K, used 256990K [0x0000000081c00000, 0x0000000097380000, 0x00000000d5f00000)
  object space 351744K, 73% used [0x0000000081c00000,0x00000000916f7bd0,0x0000000097380000)
 Metaspace       used 15000K, capacity 15270K, committed 15488K, reserved 1062912K
  class space    used 1565K, capacity 1642K, committed 1664K, reserved 1048576K
Event: 185.430 GC heap after
Heap after GC invocations=75 (full 3):
 PSYoungGen      total 578048K, used 9029K [0x00000000d5f00000, 0x00000000fa180000, 0x0000000100000000)
  eden space 564736K, 0% used [0x00000000d5f00000,0x00000000d5f00000,0x00000000f8680000)
  from space 13312K, 67% used [0x00000000f9480000,0x00000000f9d515b0,0x00000000fa180000)
  to   space 13824K, 0% used [0x00000000f8680000,0x00000000f8680000,0x00000000f9400000)
 ParOldGen       total 351744K, used 256990K [0x0000000081c00000, 0x0000000097380000, 0x00000000d5f00000)
  object space 351744K, 73% used [0x0000000081c00000,0x00000000916f7bd0,0x0000000097380000)
 Metaspace       used 15000K, capacity 15270K, committed 15488K, reserved 1062912K
  class space    used 1565K, capacity 1642K, committed 1664K, reserved 1048576K
}
Event: 188.489 GC heap before
{Heap before GC invocations=76 (full 3):
 PSYoungGen      total 578048K, used 573765K [0x00000000d5f00000, 0x00000000fa180000, 0x0000000100000000)
  eden space 564736K, 100% used [0x00000000d5f00000,0x00000000f8680000,0x00000000f8680000)
  from space 13312K, 67% used [0x00000000f9480000,0x00000000f9d515b0,0x00000000fa180000)
  to   space 13824K, 0% used [0x00000000f8680000,0x00000000f8680000,0x00000000f9400000)
 ParOldGen       total 351744K, used 257156K [0x0000000081c00000, 0x0000000097380000, 0x00000000d5f00000)
  object space 351744K, 73% used [0x0000000081c00000,0x0000000091721028,0x0000000097380000)
 Metaspace       used 15000K, capacity 15270K, committed 15488K, reserved 1062912K
  class space    used 1565K, capacity 1642K, committed 1664K, reserved 1048576K
Event: 188.507 GC heap after
Heap after GC invocations=76 (full 3):
 PSYoungGen      total 578560K, used 8174K [0x00000000d5f00000, 0x00000000fa400000, 0x0000000100000000)
  eden space 564736K, 0% used [0x00000000d5f00000,0x00000000d5f00000,0x00000000f8680000)
  from space 13824K, 59% used [0x00000000f8680000,0x00000000f8e7bb20,0x00000000f9400000)
  to   space 13824K, 0% used [0x00000000f9680000,0x00000000f9680000,0x00000000fa400000)
 ParOldGen       total 351744K, used 257164K [0x0000000081c00000, 0x0000000097380000, 0x00000000d5f00000)
  object space 351744K, 73% used [0x0000000081c00000,0x0000000091723028,0x0000000097380000)
 Metaspace       used 15000K, capacity 15270K, committed 15488K, reserved 1062912K
  class space    used 1565K, capacity 1642K, committed 1664K, reserved 1048576K
}
Event: 191.618 GC heap before
{Heap before GC invocations=77 (full 3):
 PSYoungGen      total 578560K, used 572910K [0x00000000d5f00000, 0x00000000fa400000, 0x0000000100000000)
  eden space 564736K, 100% used [0x00000000d5f00000,0x00000000f8680000,0x00000000f8680000)
  from space 13824K, 59% used [0x00000000f8680000,0x00000000f8e7bb20,0x00000000f9400000)
  to   space 13824K, 0% used [0x00000000f9680000,0x00000000f9680000,0x00000000fa400000)
 ParOldGen       total 351744K, used 257242K [0x0000000081c00000, 0x0000000097380000, 0x00000000d5f00000)
  object space 351744K, 73% used [0x0000000081c00000,0x0000000091736928,0x0000000097380000)
 Metaspace       used 15000K, capacity 15270K, committed 15488K, reserved 1062912K
  class space    used 1565K, capacity 1642K, committed 1664K, reserved 1048576K
Event: 191.637 GC heap after
Heap after GC invocations=77 (full 3):
 PSYoungGen      total 580096K, used 9454K [0x00000000d5f00000, 0x00000000fa300000, 0x0000000100000000)
  eden space 567296K, 0% used [0x00000000d5f00000,0x00000000d5f00000,0x00000000f8900000)
  from space 12800K, 73% used [0x00000000f9680000,0x00000000f9fbb990,0x00000000fa300000)
  to   space 13312K, 0% used [0x00000000f8900000,0x00000000f8900000,0x00000000f9600000)
 ParOldGen       total 351744K, used 257242K [0x0000000081c00000, 0x0000000097380000, 0x00000000d5f00000)
  object space 351744K, 73% used [0x0000000081c00000,0x0000000091736928,0x0000000097380000)
 Metaspace       used 15000K, capacity 15270K, committed 15488K, reserved 1062912K
  class space    used 1565K, capacity 1642K, committed 1664K, reserved 1048576K
}

